<?xml version="1.0" encoding="UTF-8"?>
<!-- Generated by org.testng.reporters.JUnitReportReporter -->
<testsuite hostname="DESKTOP-S1MQ5B3" failures="0" tests="3" name="com.qa.test.TC_Registrationform" time="16.186" errors="0" timestamp="2023-05-16T23:04:32 IST" skipped="0">
  <testcase classname="com.qa.test.TC_Registrationform" name="registationForm" time="8.329"/>
  <system-out/>
  <testcase classname="com.qa.test.TC_Registrationform" name="registationForm" time="7.679"/>
  <system-out/>
  <testcase classname="com.qa.test.TC_Registrationform" name="titleOfPage" time="0.178"/>
  <system-out/>
</testsuite> <!-- com.qa.test.TC_Registrationform -->
