<?xml version="1.0" encoding="UTF-8"?>
<!-- Generated by org.testng.reporters.JUnitReportReporter -->
<testsuite hostname="DESKTOP-S1MQ5B3" failures="0" tests="3" name="com.qa.test.TC_Registrationform" time="19.307" errors="0" timestamp="2023-05-16T00:05:52 IST" skipped="0">
  <testcase classname="com.qa.test.TC_Registrationform" name="registationForm" time="9.623"/>
  <system-out/>
  <testcase classname="com.qa.test.TC_Registrationform" name="registationForm" time="9.470"/>
  <system-out/>
  <testcase classname="com.qa.test.TC_Registrationform" name="titleOfPage" time="0.214"/>
  <system-out/>
</testsuite> <!-- com.qa.test.TC_Registrationform -->
