<?xml version="1.0" encoding="UTF-8"?>
<!-- Generated by org.testng.reporters.JUnitReportReporter -->
<testsuite hostname="DESKTOP-S1MQ5B3" failures="0" tests="4" name="com.qa.test.Annotations" time="55.536" errors="0" timestamp="2023-05-09T23:18:08 IST" skipped="0">
  <testcase classname="com.qa.test.Annotations" name="invalidCredntials" time="13.789"/>
  <system-out/>
  <testcase classname="com.qa.test.Annotations" name="negativeTesting" time="13.694"/>
  <system-out/>
  <testcase classname="com.qa.test.Annotations" name="EnterOnlyUsername" time="13.028"/>
  <system-out/>
  <testcase classname="com.qa.test.Annotations" name="EnterOnlyPassword" time="15.025"/>
  <system-out/>
</testsuite> <!-- com.qa.test.Annotations -->
