<?xml version="1.0" encoding="UTF-8"?>
<!-- Generated by org.testng.reporters.JUnitReportReporter -->
<testsuite hostname="DESKTOP-S1MQ5B3" failures="0" tests="1" name="com.qa.test.HandleWindows" time="2.887" errors="0" timestamp="2023-05-09T23:53:10 IST" skipped="0">
  <testcase classname="com.qa.test.HandleWindows" name="windowHandle" time="2.887"/>
  <system-out/>
</testsuite> <!-- com.qa.test.HandleWindows -->
